<?xml version="1.0" encoding="UTF-8"?>
<testsuite xmlns:xsi="http://www.w3.org/2001/XMLSchema-instance" xsi:noNamespaceSchemaLocation="https://maven.apache.org/surefire/maven-surefire-plugin/xsd/surefire-test-report-3.0.xsd" version="3.0" name="com.mycompany.librarymanagementsystem.ReportGeneratorTest" time="0.058" tests="9" errors="0" skipped="0" failures="0">
  <properties>
[...]
</properties>
  <testcase name="testGenerateActiveBorrowersReport_DuplicateTransactions" classname="com.mycompany.librarymanagementsystem.ReportGeneratorTest" time="0.029">
    <system-out><![CDATA[
===== Active Borrowers Report =====
Duplicate Borrower (ID: S012) - Borrowed: 2 book(s)
]]></system-out>
  </testcase>
  <testcase name="testGenerateReservationsReport_EmptyList" classname="com.mycompany.librarymanagementsystem.ReportGeneratorTest" time="0.0">
    <system-out><![CDATA[
===== Reservations Report =====
]]></system-out>
  </testcase>
  <testcase name="testGenerateReservationsReport" classname="com.mycompany.librarymanagementsystem.ReportGeneratorTest" time="0.01">
    <system-out><![CDATA[
===== Reservations Report =====
Reservation ID: R001, User ID: S005, Book ID: B005, Reserved On: 2025-05-22, Status: Pending
Reservation ID: R002, User ID: S006, Book ID: B006, Reserved On: 2025-05-22, Status: Pending
]]></system-out>
  </testcase>
  <testcase name="testGenerateOverdueBooksReport_AllReturned" classname="com.mycompany.librarymanagementsystem.ReportGeneratorTest" time="0.0">
    <system-out><![CDATA[
===== Overdue Books Report =====
]]></system-out>
  </testcase>
  <testcase name="testGenerateActiveBorrowersReport" classname="com.mycompany.librarymanagementsystem.ReportGeneratorTest" time="0.0">
    <system-out><![CDATA[
===== Active Borrowers Report =====
Student User (ID: S007) - Borrowed: 1 book(s)
]]></system-out>
  </testcase>
  <testcase name="testGenerateBorrowedBooksReport_EmptyList" classname="com.mycompany.librarymanagementsystem.ReportGeneratorTest" time="0.0">
    <system-out><![CDATA[
===== Borrowed Books Report =====
]]></system-out>
  </testcase>
  <testcase name="testGenerateOverdueBooksReport" classname="com.mycompany.librarymanagementsystem.ReportGeneratorTest" time="0.0">
    <system-out><![CDATA[
===== Overdue Books Report =====
Transaction ID: T003, User ID: S003, Book ID: B003, Issued On: 2025-05-02, Due On: 2025-05-17, Not yet returned
]]></system-out>
  </testcase>
  <testcase name="testGenerateActiveBorrowersReport_NoMatchingUsers" classname="com.mycompany.librarymanagementsystem.ReportGeneratorTest" time="0.0">
    <system-out><![CDATA[
===== Active Borrowers Report =====
]]></system-out>
  </testcase>
  <testcase name="testGenerateBorrowedBooksReport" classname="com.mycompany.librarymanagementsystem.ReportGeneratorTest" time="0.0">
    <system-out><![CDATA[
===== Borrowed Books Report =====
Transaction ID: T001, User ID: S001, Book ID: B001, Issued On: 2025-05-22, Due On: 2025-05-29, Not yet returned
Transaction ID: T002, User ID: S002, Book ID: B002, Issued On: 2025-05-22, Due On: 2025-06-01, Not yet returned
]]></system-out>
  </testcase>
</testsuite>