<?xml version="1.0" encoding="UTF-8"?>
<testsuite xmlns:xsi="http://www.w3.org/2001/XMLSchema-instance" xsi:noNamespaceSchemaLocation="https://maven.apache.org/surefire/maven-surefire-plugin/xsd/surefire-test-report-3.0.xsd" version="3.0" name="com.mycompany.librarymanagementsystem.FileManagerTest" time="0.068" tests="9" errors="0" skipped="0" failures="0">
  <properties>
[...]
</properties>
  <testcase name="testSaveEmptyUserListAndLoad" classname="com.mycompany.librarymanagementsystem.FileManagerTest" time="0.013"/>
  <testcase name="testLoadFromNonexistentFile" classname="com.mycompany.librarymanagementsystem.FileManagerTest" time="0.004">
    <system-out><![CDATA[❌ Error loading users: nonexistent_file.txt (The system cannot find the file specified)
]]></system-out>
  </testcase>
  <testcase name="testSaveAndLoadTransactions" classname="com.mycompany.librarymanagementsystem.FileManagerTest" time="0.015"/>
  <testcase name="testCorruptedFileGracefullyHandled" classname="com.mycompany.librarymanagementsystem.FileManagerTest" time="0.006"/>
  <testcase name="testSaveAndLoadReservations" classname="com.mycompany.librarymanagementsystem.FileManagerTest" time="0.005"/>
  <testcase name="testSaveAndLoadBooksWithZeroQuantity" classname="com.mycompany.librarymanagementsystem.FileManagerTest" time="0.002"/>
  <testcase name="testTransactionDateIntegrity" classname="com.mycompany.librarymanagementsystem.FileManagerTest" time="0.002"/>
  <testcase name="testSaveAndLoadBooks" classname="com.mycompany.librarymanagementsystem.FileManagerTest" time="0.002"/>
  <testcase name="testSaveAndLoadUsers" classname="com.mycompany.librarymanagementsystem.FileManagerTest" time="0.003"/>
</testsuite>